# JRE version: OpenJDK Runtime Environment (8.0_322-b06) (build 1.8.0_322-b06)
# Java VM: OpenJDK 64-Bit Server VM (25.322-b06 mixed mode bsd-aarch64 compressed oops)
Heap:
 PSYoungGen      total 37888K, used 1860K [0x0000000795580000, 0x000000079b880000, 0x00000007c0000000)
  eden space 32768K, 1% used [0x0000000795580000,0x0000000795609280,0x0000000797580000)
  from space 5120K, 25% used [0x0000000797600000,0x0000000797748010,0x0000000797b00000)
  to   space 34304K, 0% used [0x0000000799700000,0x0000000799700000,0x000000079b880000)
 ParOldGen       total 104448K, used 44604K [0x0000000740000000, 0x0000000746600000, 0x0000000795580000)
  object space 104448K, 42% used [0x0000000740000000,0x0000000742b8f2e0,0x0000000746600000)
 Metaspace       used 20509K, capacity 21326K, committed 21632K, reserved 1069056K
  class space    used 2625K, capacity 2844K, committed 2944K, reserved 1048576K
GC Heap History (10 events):
Event: 1.376 GC heap before
{Heap before GC invocations=2 (full 0):
 PSYoungGen      total 38400K, used 34213K [0x0000000795580000, 0x0000000798000000, 0x00000007c0000000)
  eden space 33280K, 90% used [0x0000000795580000,0x0000000797301558,0x0000000797600000)
  from space 5120K, 78% used [0x0000000797600000,0x00000007979e8030,0x0000000797b00000)
  to   space 5120K, 0% used [0x0000000797b00000,0x0000000797b00000,0x0000000798000000)
 ParOldGen       total 87552K, used 16K [0x0000000740000000, 0x0000000745580000, 0x0000000795580000)
  object space 87552K, 0% used [0x0000000740000000,0x0000000740004000,0x0000000745580000)
 Metaspace       used 17696K, capacity 18342K, committed 18432K, reserved 1064960K
  class space    used 2302K, capacity 2486K, committed 2560K, reserved 1048576K
Event: 1.379 GC heap after
Heap after GC invocations=2 (full 0):
 PSYoungGen      total 38400K, used 5105K [0x0000000795580000, 0x0000000798000000, 0x00000007c0000000)
  eden space 33280K, 0% used [0x0000000795580000,0x0000000795580000,0x0000000797600000)
  from space 5120K, 99% used [0x0000000797b00000,0x0000000797ffc680,0x0000000798000000)
  to   space 5120K, 0% used [0x0000000797600000,0x0000000797600000,0x0000000797b00000)
 ParOldGen       total 87552K, used 15961K [0x0000000740000000, 0x0000000745580000, 0x0000000795580000)
  object space 87552K, 18% used [0x0000000740000000,0x0000000740f965e0,0x0000000745580000)
 Metaspace       used 17696K, capacity 18342K, committed 18432K, reserved 1064960K
  class space    used 2302K, capacity 2486K, committed 2560K, reserved 1048576K
}
Event: 4.850 GC heap before
{Heap before GC invocations=3 (full 0):
 PSYoungGen      total 38400K, used 36594K [0x0000000795580000, 0x0000000798000000, 0x00000007c0000000)
  eden space 33280K, 94% used [0x0000000795580000,0x00000007974401d8,0x0000000797600000)
  from space 5120K, 99% used [0x0000000797b00000,0x0000000797ffc680,0x0000000798000000)
  to   space 5120K, 0% used [0x0000000797600000,0x0000000797600000,0x0000000797b00000)
 ParOldGen       total 87552K, used 15961K [0x0000000740000000, 0x0000000745580000, 0x0000000795580000)
  object space 87552K, 18% used [0x0000000740000000,0x0000000740f965e0,0x0000000745580000)
 Metaspace       used 19528K, capacity 20374K, committed 20608K, reserved 1067008K
  class space    used 2617K, capacity 2838K, committed 2944K, reserved 1048576K
Event: 4.855 GC heap after
Heap after GC invocations=3 (full 0):
 PSYoungGen      total 38400K, used 5101K [0x0000000795580000, 0x0000000798000000, 0x00000007c0000000)
  eden space 33280K, 0% used [0x0000000795580000,0x0000000795580000,0x0000000797600000)
  from space 5120K, 99% used [0x0000000797600000,0x0000000797afb6b0,0x0000000797b00000)
  to   space 5120K, 0% used [0x0000000797b00000,0x0000000797b00000,0x0000000798000000)
 ParOldGen       total 87552K, used 39142K [0x0000000740000000, 0x0000000745580000, 0x0000000795580000)
  object space 87552K, 44% used [0x0000000740000000,0x0000000742639810,0x0000000745580000)
 Metaspace       used 19528K, capacity 20374K, committed 20608K, reserved 1067008K
  class space    used 2617K, capacity 2838K, committed 2944K, reserved 1048576K
}
Event: 26.047 GC heap before
{Heap before GC invocations=4 (full 0):
 PSYoungGen      total 38400K, used 29868K [0x0000000795580000, 0x0000000798000000, 0x00000007c0000000)
  eden space 33280K, 74% used [0x0000000795580000,0x0000000796dafd18,0x0000000797600000)
  from space 5120K, 99% used [0x0000000797600000,0x0000000797afb6b0,0x0000000797b00000)
  to   space 5120K, 0% used [0x0000000797b00000,0x0000000797b00000,0x0000000798000000)
 ParOldGen       total 87552K, used 39142K [0x0000000740000000, 0x0000000745580000, 0x0000000795580000)
  object space 87552K, 44% used [0x0000000740000000,0x0000000742639810,0x0000000745580000)
 Metaspace       used 20414K, capacity 21194K, committed 21296K, reserved 1067008K
  class space    used 2625K, capacity 2844K, committed 2944K, reserved 1048576K
Event: 26.055 GC heap after
Heap after GC invocations=4 (full 0):
 PSYoungGen      total 38400K, used 5116K [0x0000000795580000, 0x0000000798000000, 0x00000007c0000000)
  eden space 33280K, 0% used [0x0000000795580000,0x0000000795580000,0x0000000797600000)
  from space 5120K, 99% used [0x0000000797b00000,0x0000000797fff240,0x0000000798000000)
  to   space 5120K, 0% used [0x0000000797600000,0x0000000797600000,0x0000000797b00000)
 ParOldGen       total 87552K, used 52112K [0x0000000740000000, 0x0000000745580000, 0x0000000795580000)
  object space 87552K, 59% used [0x0000000740000000,0x00000007432e41e0,0x0000000745580000)
 Metaspace       used 20414K, capacity 21194K, committed 21296K, reserved 1067008K
  class space    used 2625K, capacity 2844K, committed 2944K, reserved 1048576K
}
Event: 26.055 GC heap before
{Heap before GC invocations=5 (full 1):
 PSYoungGen      total 38400K, used 5116K [0x0000000795580000, 0x0000000798000000, 0x00000007c0000000)
  eden space 33280K, 0% used [0x0000000795580000,0x0000000795580000,0x0000000797600000)
  from space 5120K, 99% used [0x0000000797b00000,0x0000000797fff240,0x0000000798000000)
  to   space 5120K, 0% used [0x0000000797600000,0x0000000797600000,0x0000000797b00000)
 ParOldGen       total 87552K, used 52112K [0x0000000740000000, 0x0000000745580000, 0x0000000795580000)
  object space 87552K, 59% used [0x0000000740000000,0x00000007432e41e0,0x0000000745580000)
 Metaspace       used 20414K, capacity 21194K, committed 21296K, reserved 1067008K
  class space    used 2625K, capacity 2844K, committed 2944K, reserved 1048576K
Event: 26.083 GC heap after
Heap after GC invocations=5 (full 1):
 PSYoungGen      total 38400K, used 0K [0x0000000795580000, 0x0000000798000000, 0x00000007c0000000)
  eden space 33280K, 0% used [0x0000000795580000,0x0000000795580000,0x0000000797600000)
  from space 5120K, 0% used [0x0000000797b00000,0x0000000797b00000,0x0000000798000000)
  to   space 5120K, 0% used [0x0000000797600000,0x0000000797600000,0x0000000797b00000)
 ParOldGen       total 104448K, used 44596K [0x0000000740000000, 0x0000000746600000, 0x0000000795580000)
  object space 104448K, 42% used [0x0000000740000000,0x0000000742b8d2e0,0x0000000746600000)
 Metaspace       used 20414K, capacity 21194K, committed 21296K, reserved 1067008K
  class space    used 2625K, capacity 2844K, committed 2944K, reserved 1048576K
}
Event: 29.881 GC heap before
{Heap before GC invocations=6 (full 1):
 PSYoungGen      total 38400K, used 33280K [0x0000000795580000, 0x0000000798000000, 0x00000007c0000000)
  eden space 33280K, 100% used [0x0000000795580000,0x0000000797600000,0x0000000797600000)
  from space 5120K, 0% used [0x0000000797b00000,0x0000000797b00000,0x0000000798000000)
  to   space 5120K, 0% used [0x0000000797600000,0x0000000797600000,0x0000000797b00000)
 ParOldGen       total 104448K, used 44596K [0x0000000740000000, 0x0000000746600000, 0x0000000795580000)
  object space 104448K, 42% used [0x0000000740000000,0x0000000742b8d2e0,0x0000000746600000)
 Metaspace       used 20509K, capacity 21326K, committed 21632K, reserved 1069056K
  class space    used 2625K, capacity 2844K, committed 2944K, reserved 1048576K
Event: 29.890 GC heap after
Heap after GC invocations=6 (full 1):
 PSYoungGen      total 37888K, used 1312K [0x0000000795580000, 0x000000079b880000, 0x00000007c0000000)
  eden space 32768K, 0% used [0x0000000795580000,0x0000000795580000,0x0000000797580000)
  from space 5120K, 25% used [0x0000000797600000,0x0000000797748010,0x0000000797b00000)
  to   space 34304K, 0% used [0x0000000799700000,0x0000000799700000,0x000000079b880000)
 ParOldGen       total 104448K, used 44604K [0x0000000740000000, 0x0000000746600000, 0x0000000795580000)
  object space 104448K, 42% used [0x0000000740000000,0x0000000742b8f2e0,0x0000000746600000)
 Metaspace       used 20509K, capacity 21326K, committed 21632K, reserved 1069056K
  class space    used 2625K, capacity 2844K, committed 2944K, reserved 1048576K
}

