# JRE version: OpenJDK Runtime Environment (8.0_322-b06) (build 1.8.0_322-b06)
# Java VM: OpenJDK 64-Bit Server VM (25.322-b06 mixed mode bsd-aarch64 compressed oops)
Heap:
 PSYoungGen      total 37888K, used 5602K [0x0000000795580000, 0x000000079b180000, 0x00000007c0000000)
  eden space 32768K, 8% used [0x0000000795580000,0x0000000795825f60,0x0000000797580000)
  from space 5120K, 56% used [0x0000000797600000,0x00000007978d2c20,0x0000000797b00000)
  to   space 30720K, 0% used [0x0000000799380000,0x0000000799380000,0x000000079b180000)
 ParOldGen       total 101888K, used 44340K [0x0000000740000000, 0x0000000746380000, 0x0000000795580000)
  object space 101888K, 43% used [0x0000000740000000,0x0000000742b4d1d0,0x0000000746380000)
 Metaspace       used 20439K, capacity 21222K, committed 21376K, reserved 1067008K
  class space    used 2628K, capacity 2846K, committed 2944K, reserved 1048576K
GC Heap History (10 events):
Event: 1.737 GC heap before
{Heap before GC invocations=2 (full 0):
 PSYoungGen      total 38400K, used 33750K [0x0000000795580000, 0x0000000798000000, 0x00000007c0000000)
  eden space 33280K, 89% used [0x0000000795580000,0x0000000797291a70,0x0000000797600000)
  from space 5120K, 77% used [0x0000000797600000,0x00000007979e4060,0x0000000797b00000)
  to   space 5120K, 0% used [0x0000000797b00000,0x0000000797b00000,0x0000000798000000)
 ParOldGen       total 87552K, used 16K [0x0000000740000000, 0x0000000745580000, 0x0000000795580000)
  object space 87552K, 0% used [0x0000000740000000,0x0000000740004000,0x0000000745580000)
 Metaspace       used 17622K, capacity 18346K, committed 18432K, reserved 1064960K
  class space    used 2285K, capacity 2486K, committed 2560K, reserved 1048576K
Event: 1.741 GC heap after
Heap after GC invocations=2 (full 0):
 PSYoungGen      total 38400K, used 5088K [0x0000000795580000, 0x0000000798000000, 0x00000007c0000000)
  eden space 33280K, 0% used [0x0000000795580000,0x0000000795580000,0x0000000797600000)
  from space 5120K, 99% used [0x0000000797b00000,0x0000000797ff8040,0x0000000798000000)
  to   space 5120K, 0% used [0x0000000797600000,0x0000000797600000,0x0000000797b00000)
 ParOldGen       total 87552K, used 12328K [0x0000000740000000, 0x0000000745580000, 0x0000000795580000)
  object space 87552K, 14% used [0x0000000740000000,0x0000000740c0a1f0,0x0000000745580000)
 Metaspace       used 17622K, capacity 18346K, committed 18432K, reserved 1064960K
  class space    used 2285K, capacity 2486K, committed 2560K, reserved 1048576K
}
Event: 19.847 GC heap before
{Heap before GC invocations=3 (full 0):
 PSYoungGen      total 38400K, used 33439K [0x0000000795580000, 0x0000000798000000, 0x00000007c0000000)
  eden space 33280K, 85% used [0x0000000795580000,0x000000079712fd68,0x0000000797600000)
  from space 5120K, 99% used [0x0000000797b00000,0x0000000797ff8040,0x0000000798000000)
  to   space 5120K, 0% used [0x0000000797600000,0x0000000797600000,0x0000000797b00000)
 ParOldGen       total 87552K, used 12328K [0x0000000740000000, 0x0000000745580000, 0x0000000795580000)
  object space 87552K, 14% used [0x0000000740000000,0x0000000740c0a1f0,0x0000000745580000)
 Metaspace       used 20210K, capacity 21054K, committed 21296K, reserved 1067008K
  class space    used 2618K, capacity 2840K, committed 2944K, reserved 1048576K
Event: 19.858 GC heap after
Heap after GC invocations=3 (full 0):
 PSYoungGen      total 38400K, used 5106K [0x0000000795580000, 0x0000000798000000, 0x00000007c0000000)
  eden space 33280K, 0% used [0x0000000795580000,0x0000000795580000,0x0000000797600000)
  from space 5120K, 99% used [0x0000000797600000,0x0000000797afcb20,0x0000000797b00000)
  to   space 5120K, 0% used [0x0000000797b00000,0x0000000797b00000,0x0000000798000000)
 ParOldGen       total 87552K, used 31327K [0x0000000740000000, 0x0000000745580000, 0x0000000795580000)
  object space 87552K, 35% used [0x0000000740000000,0x0000000741e97ea0,0x0000000745580000)
 Metaspace       used 20210K, capacity 21054K, committed 21296K, reserved 1067008K
  class space    used 2618K, capacity 2840K, committed 2944K, reserved 1048576K
}
Event: 21.566 GC heap before
{Heap before GC invocations=4 (full 0):
 PSYoungGen      total 38400K, used 21377K [0x0000000795580000, 0x0000000798000000, 0x00000007c0000000)
  eden space 33280K, 48% used [0x0000000795580000,0x00000007965638e0,0x0000000797600000)
  from space 5120K, 99% used [0x0000000797600000,0x0000000797afcb20,0x0000000797b00000)
  to   space 5120K, 0% used [0x0000000797b00000,0x0000000797b00000,0x0000000798000000)
 ParOldGen       total 87552K, used 31327K [0x0000000740000000, 0x0000000745580000, 0x0000000795580000)
  object space 87552K, 35% used [0x0000000740000000,0x0000000741e97ea0,0x0000000745580000)
 Metaspace       used 20372K, capacity 21158K, committed 21296K, reserved 1067008K
  class space    used 2628K, capacity 2846K, committed 2944K, reserved 1048576K
Event: 21.574 GC heap after
Heap after GC invocations=4 (full 0):
 PSYoungGen      total 38400K, used 5114K [0x0000000795580000, 0x0000000798000000, 0x00000007c0000000)
  eden space 33280K, 0% used [0x0000000795580000,0x0000000795580000,0x0000000797600000)
  from space 5120K, 99% used [0x0000000797b00000,0x0000000797ffe8b0,0x0000000798000000)
  to   space 5120K, 0% used [0x0000000797600000,0x0000000797600000,0x0000000797b00000)
 ParOldGen       total 87552K, used 44905K [0x0000000740000000, 0x0000000745580000, 0x0000000795580000)
  object space 87552K, 51% used [0x0000000740000000,0x0000000742bda570,0x0000000745580000)
 Metaspace       used 20372K, capacity 21158K, committed 21296K, reserved 1067008K
  class space    used 2628K, capacity 2846K, committed 2944K, reserved 1048576K
}
Event: 21.574 GC heap before
{Heap before GC invocations=5 (full 1):
 PSYoungGen      total 38400K, used 5114K [0x0000000795580000, 0x0000000798000000, 0x00000007c0000000)
  eden space 33280K, 0% used [0x0000000795580000,0x0000000795580000,0x0000000797600000)
  from space 5120K, 99% used [0x0000000797b00000,0x0000000797ffe8b0,0x0000000798000000)
  to   space 5120K, 0% used [0x0000000797600000,0x0000000797600000,0x0000000797b00000)
 ParOldGen       total 87552K, used 44905K [0x0000000740000000, 0x0000000745580000, 0x0000000795580000)
  object space 87552K, 51% used [0x0000000740000000,0x0000000742bda570,0x0000000745580000)
 Metaspace       used 20372K, capacity 21158K, committed 21296K, reserved 1067008K
  class space    used 2628K, capacity 2846K, committed 2944K, reserved 1048576K
Event: 21.608 GC heap after
Heap after GC invocations=5 (full 1):
 PSYoungGen      total 38400K, used 0K [0x0000000795580000, 0x0000000798000000, 0x00000007c0000000)
  eden space 33280K, 0% used [0x0000000795580000,0x0000000795580000,0x0000000797600000)
  from space 5120K, 0% used [0x0000000797b00000,0x0000000797b00000,0x0000000798000000)
  to   space 5120K, 0% used [0x0000000797600000,0x0000000797600000,0x0000000797b00000)
 ParOldGen       total 101888K, used 44332K [0x0000000740000000, 0x0000000746380000, 0x0000000795580000)
  object space 101888K, 43% used [0x0000000740000000,0x0000000742b4b1d0,0x0000000746380000)
 Metaspace       used 20372K, capacity 21158K, committed 21296K, reserved 1067008K
  class space    used 2628K, capacity 2846K, committed 2944K, reserved 1048576K
}
Event: 23.336 GC heap before
{Heap before GC invocations=6 (full 1):
 PSYoungGen      total 38400K, used 33280K [0x0000000795580000, 0x0000000798000000, 0x00000007c0000000)
  eden space 33280K, 100% used [0x0000000795580000,0x0000000797600000,0x0000000797600000)
  from space 5120K, 0% used [0x0000000797b00000,0x0000000797b00000,0x0000000798000000)
  to   space 5120K, 0% used [0x0000000797600000,0x0000000797600000,0x0000000797b00000)
 ParOldGen       total 101888K, used 44332K [0x0000000740000000, 0x0000000746380000, 0x0000000795580000)
  object space 101888K, 43% used [0x0000000740000000,0x0000000742b4b1d0,0x0000000746380000)
 Metaspace       used 20439K, capacity 21222K, committed 21376K, reserved 1067008K
  class space    used 2628K, capacity 2846K, committed 2944K, reserved 1048576K
Event: 23.345 GC heap after
Heap after GC invocations=6 (full 1):
 PSYoungGen      total 37888K, used 2891K [0x0000000795580000, 0x000000079b180000, 0x00000007c0000000)
  eden space 32768K, 0% used [0x0000000795580000,0x0000000795580000,0x0000000797580000)
  from space 5120K, 56% used [0x0000000797600000,0x00000007978d2c20,0x0000000797b00000)
  to   space 30720K, 0% used [0x0000000799380000,0x0000000799380000,0x000000079b180000)
 ParOldGen       total 101888K, used 44340K [0x0000000740000000, 0x0000000746380000, 0x0000000795580000)
  object space 101888K, 43% used [0x0000000740000000,0x0000000742b4d1d0,0x0000000746380000)
 Metaspace       used 20439K, capacity 21222K, committed 21376K, reserved 1067008K
  class space    used 2628K, capacity 2846K, committed 2944K, reserved 1048576K
}

